<?xml version="1.0" encoding="UTF-8"?>
<testsuite xmlns:xsi="http://www.w3.org/2001/XMLSchema-instance" xsi:noNamespaceSchemaLocation="https://maven.apache.org/surefire/maven-surefire-plugin/xsd/surefire-test-report-3.0.xsd" version="3.0" name="CoffeeMachineUnitTest" time="1.816" tests="4" errors="0" skipped="0" failures="0">
  <properties>
[...]
</properties>
  <testcase name="testMachineFailureTrue" classname="CoffeeMachineUnitTest" time="1.743"/>
  <testcase name="testPlugMachine" classname="CoffeeMachineUnitTest" time="0.001"/>
  <testcase name="testMakeACoffeeCupNotEmptyException" classname="CoffeeMachineUnitTest" time="0.034"/>
  <testcase name="testMachineFailureFalse" classname="CoffeeMachineUnitTest" time="0.002"/>
</testsuite>